[DEBUG] 2022-06-12 12:06:36,295 i.n.u.i.l.InternalLoggerFactory - Using SLF4J as the default logging framework
[DEBUG] 2022-06-12 12:06:36,313 i.n.u.ResourceLeakDetector - -Dio.netty.leakDetection.level: simple
[DEBUG] 2022-06-12 12:06:36,314 i.n.u.ResourceLeakDetector - -Dio.netty.leakDetection.targetRecords: 4
[DEBUG] 2022-06-12 12:06:36,396 i.n.u.i.InternalThreadLocalMap - -Dio.netty.threadLocalMap.stringBuilder.initialSize: 1024
[DEBUG] 2022-06-12 12:06:36,397 i.n.u.i.InternalThreadLocalMap - -Dio.netty.threadLocalMap.stringBuilder.maxSize: 4096
[DEBUG] 2022-06-12 12:06:36,438 i.n.c.MultithreadEventLoopGroup - -Dio.netty.eventLoopThreads: 8
[DEBUG] 2022-06-12 12:06:36,548 i.n.c.n.NioEventLoop - -Dio.netty.noKeySetOptimization: false
[DEBUG] 2022-06-12 12:06:36,549 i.n.c.n.NioEventLoop - -Dio.netty.selectorAutoRebuildThreshold: 512
[DEBUG] 2022-06-12 12:06:36,650 i.n.u.i.PlatformDependent0 - -Dio.netty.noUnsafe: false
[DEBUG] 2022-06-12 12:06:36,650 i.n.u.i.PlatformDependent0 - Java version: 11
[DEBUG] 2022-06-12 12:06:36,657 i.n.u.i.PlatformDependent0 - sun.misc.Unsafe.theUnsafe: available
[DEBUG] 2022-06-12 12:06:36,661 i.n.u.i.PlatformDependent0 - sun.misc.Unsafe.copyMemory: available
[DEBUG] 2022-06-12 12:06:36,664 i.n.u.i.PlatformDependent0 - java.nio.Buffer.address: available
[DEBUG] 2022-06-12 12:06:36,676 i.n.u.i.PlatformDependent0 - direct buffer constructor: unavailable
java.lang.UnsupportedOperationException: Reflective setAccessible(true) disabled
	at io.netty.util.internal.ReflectionUtil.trySetAccessible(ReflectionUtil.java:31)
	at io.netty.util.internal.PlatformDependent0$4.run(PlatformDependent0.java:233)
	at java.base/java.security.AccessController.doPrivileged(Native Method)
	at io.netty.util.internal.PlatformDependent0.<clinit>(PlatformDependent0.java:227)
	at io.netty.util.internal.PlatformDependent.isAndroid(PlatformDependent.java:289)
	at io.netty.util.internal.PlatformDependent.<clinit>(PlatformDependent.java:92)
	at io.netty.channel.nio.NioEventLoop.newTaskQueue0(NioEventLoop.java:279)
	at io.netty.channel.nio.NioEventLoop.newTaskQueue(NioEventLoop.java:150)
	at io.netty.channel.nio.NioEventLoop.<init>(NioEventLoop.java:138)
	at io.netty.channel.nio.NioEventLoopGroup.newChild(NioEventLoopGroup.java:146)
	at io.netty.channel.nio.NioEventLoopGroup.newChild(NioEventLoopGroup.java:37)
	at io.netty.util.concurrent.MultithreadEventExecutorGroup.<init>(MultithreadEventExecutorGroup.java:84)
	at io.netty.util.concurrent.MultithreadEventExecutorGroup.<init>(MultithreadEventExecutorGroup.java:58)
	at io.netty.util.concurrent.MultithreadEventExecutorGroup.<init>(MultithreadEventExecutorGroup.java:47)
	at io.netty.channel.MultithreadEventLoopGroup.<init>(MultithreadEventLoopGroup.java:59)
	at io.netty.channel.nio.NioEventLoopGroup.<init>(NioEventLoopGroup.java:86)
	at io.netty.channel.nio.NioEventLoopGroup.<init>(NioEventLoopGroup.java:81)
	at io.netty.channel.nio.NioEventLoopGroup.<init>(NioEventLoopGroup.java:68)
	at io.vertx.core.net.impl.transport.Transport.eventLoopGroup(Transport.java:153)
	at io.vertx.core.impl.VertxImpl.<init>(VertxImpl.java:143)
	at io.vertx.core.impl.VertxImpl.vertx(VertxImpl.java:92)
	at io.vertx.core.impl.VertxFactoryImpl.vertx(VertxFactoryImpl.java:40)
	at io.vertx.core.impl.VertxFactoryImpl.vertx(VertxFactoryImpl.java:32)
	at io.vertx.core.impl.VertxFactoryImpl.vertx(VertxFactoryImpl.java:27)
	at io.vertx.core.Vertx.vertx(Vertx.java:75)
	at io.vertx.junit5.VertxExtension$ScopedObject.get(VertxExtension.java:266)
	at io.vertx.junit5.VertxExtension.unpack(VertxExtension.java:135)
	at io.vertx.junit5.VertxExtension.getOrCreateScopedObject(VertxExtension.java:130)
	at io.vertx.junit5.VertxExtension.retrieveVertx(VertxExtension.java:344)
	at io.vertx.junit5.VertxExtension.resolveParameter(VertxExtension.java:105)
	at org.junit.jupiter.engine.execution.ExecutableInvoker.resolveParameter(ExecutableInvoker.java:216)
	at org.junit.jupiter.engine.execution.ExecutableInvoker.resolveParameters(ExecutableInvoker.java:183)
	at org.junit.jupiter.engine.execution.ExecutableInvoker.resolveParameters(ExecutableInvoker.java:144)
	at org.junit.jupiter.engine.execution.ExecutableInvoker.invoke(ExecutableInvoker.java:96)
	at org.junit.jupiter.engine.descriptor.ClassBasedTestDescriptor.invokeMethodInExtensionContext(ClassBasedTestDescriptor.java:464)
	at org.junit.jupiter.engine.descriptor.ClassBasedTestDescriptor.lambda$synthesizeBeforeEachMethodAdapter$16(ClassBasedTestDescriptor.java:449)
	at org.junit.jupiter.engine.descriptor.TestMethodTestDescriptor.lambda$invokeBeforeEachMethods$2(TestMethodTestDescriptor.java:159)
	at org.junit.jupiter.engine.descriptor.TestMethodTestDescriptor.lambda$invokeBeforeMethodsOrCallbacksUntilExceptionOccurs$5(TestMethodTestDescriptor.java:187)
	at org.junit.platform.engine.support.hierarchical.ThrowableCollector.execute(ThrowableCollector.java:73)
	at org.junit.jupiter.engine.descriptor.TestMethodTestDescriptor.invokeBeforeMethodsOrCallbacksUntilExceptionOccurs(TestMethodTestDescriptor.java:187)
	at org.junit.jupiter.engine.descriptor.TestMethodTestDescriptor.invokeBeforeEachMethods(TestMethodTestDescriptor.java:156)
	at org.junit.jupiter.engine.descriptor.TestMethodTestDescriptor.execute(TestMethodTestDescriptor.java:131)
	at org.junit.jupiter.engine.descriptor.TestMethodTestDescriptor.execute(TestMethodTestDescriptor.java:69)
	at org.junit.platform.engine.support.hierarchical.NodeTestTask.lambda$executeRecursively$5(NodeTestTask.java:135)
	at org.junit.platform.engine.support.hierarchical.ThrowableCollector.execute(ThrowableCollector.java:73)
	at org.junit.platform.engine.support.hierarchical.NodeTestTask.lambda$executeRecursively$7(NodeTestTask.java:125)
	at org.junit.platform.engine.support.hierarchical.Node.around(Node.java:135)
	at org.junit.platform.engine.support.hierarchical.NodeTestTask.lambda$executeRecursively$8(NodeTestTask.java:123)
	at org.junit.platform.engine.support.hierarchical.ThrowableCollector.execute(ThrowableCollector.java:73)
	at org.junit.platform.engine.support.hierarchical.NodeTestTask.executeRecursively(NodeTestTask.java:122)
	at org.junit.platform.engine.support.hierarchical.NodeTestTask.execute(NodeTestTask.java:80)
	at java.base/java.util.ArrayList.forEach(ArrayList.java:1541)
	at org.junit.platform.engine.support.hierarchical.SameThreadHierarchicalTestExecutorService.invokeAll(SameThreadHierarchicalTestExecutorService.java:38)
	at org.junit.platform.engine.support.hierarchical.NodeTestTask.lambda$executeRecursively$5(NodeTestTask.java:139)
	at org.junit.platform.engine.support.hierarchical.ThrowableCollector.execute(ThrowableCollector.java:73)
	at org.junit.platform.engine.support.hierarchical.NodeTestTask.lambda$executeRecursively$7(NodeTestTask.java:125)
	at org.junit.platform.engine.support.hierarchical.Node.around(Node.java:135)
	at org.junit.platform.engine.support.hierarchical.NodeTestTask.lambda$executeRecursively$8(NodeTestTask.java:123)
	at org.junit.platform.engine.support.hierarchical.ThrowableCollector.execute(ThrowableCollector.java:73)
	at org.junit.platform.engine.support.hierarchical.NodeTestTask.executeRecursively(NodeTestTask.java:122)
	at org.junit.platform.engine.support.hierarchical.NodeTestTask.execute(NodeTestTask.java:80)
	at java.base/java.util.ArrayList.forEach(ArrayList.java:1541)
	at org.junit.platform.engine.support.hierarchical.SameThreadHierarchicalTestExecutorService.invokeAll(SameThreadHierarchicalTestExecutorService.java:38)
	at org.junit.platform.engine.support.hierarchical.NodeTestTask.lambda$executeRecursively$5(NodeTestTask.java:139)
	at org.junit.platform.engine.support.hierarchical.ThrowableCollector.execute(ThrowableCollector.java:73)
	at org.junit.platform.engine.support.hierarchical.NodeTestTask.lambda$executeRecursively$7(NodeTestTask.java:125)
	at org.junit.platform.engine.support.hierarchical.Node.around(Node.java:135)
	at org.junit.platform.engine.support.hierarchical.NodeTestTask.lambda$executeRecursively$8(NodeTestTask.java:123)
	at org.junit.platform.engine.support.hierarchical.ThrowableCollector.execute(ThrowableCollector.java:73)
	at org.junit.platform.engine.support.hierarchical.NodeTestTask.executeRecursively(NodeTestTask.java:122)
	at org.junit.platform.engine.support.hierarchical.NodeTestTask.execute(NodeTestTask.java:80)
	at org.junit.platform.engine.support.hierarchical.SameThreadHierarchicalTestExecutorService.submit(SameThreadHierarchicalTestExecutorService.java:32)
	at org.junit.platform.engine.support.hierarchical.HierarchicalTestExecutor.execute(HierarchicalTestExecutor.java:57)
	at org.junit.platform.engine.support.hierarchical.HierarchicalTestEngine.execute(HierarchicalTestEngine.java:51)
	at org.junit.platform.launcher.core.DefaultLauncher.execute(DefaultLauncher.java:248)
	at org.junit.platform.launcher.core.DefaultLauncher.lambda$execute$5(DefaultLauncher.java:211)
	at org.junit.platform.launcher.core.DefaultLauncher.withInterceptedStreams(DefaultLauncher.java:226)
	at org.junit.platform.launcher.core.DefaultLauncher.execute(DefaultLauncher.java:199)
	at org.junit.platform.launcher.core.DefaultLauncher.execute(DefaultLauncher.java:132)
	at org.gradle.api.internal.tasks.testing.junitplatform.JUnitPlatformTestClassProcessor$CollectAllTestClassesExecutor.processAllTestClasses(JUnitPlatformTestClassProcessor.java:99)
	at org.gradle.api.internal.tasks.testing.junitplatform.JUnitPlatformTestClassProcessor$CollectAllTestClassesExecutor.access$000(JUnitPlatformTestClassProcessor.java:79)
	at org.gradle.api.internal.tasks.testing.junitplatform.JUnitPlatformTestClassProcessor.stop(JUnitPlatformTestClassProcessor.java:75)
	at org.gradle.api.internal.tasks.testing.SuiteTestClassProcessor.stop(SuiteTestClassProcessor.java:61)
	at java.base/jdk.internal.reflect.NativeMethodAccessorImpl.invoke0(Native Method)
	at java.base/jdk.internal.reflect.NativeMethodAccessorImpl.invoke(NativeMethodAccessorImpl.java:62)
	at java.base/jdk.internal.reflect.DelegatingMethodAccessorImpl.invoke(DelegatingMethodAccessorImpl.java:43)
	at java.base/java.lang.reflect.Method.invoke(Method.java:566)
	at org.gradle.internal.dispatch.ReflectionDispatch.dispatch(ReflectionDispatch.java:36)
	at org.gradle.internal.dispatch.ReflectionDispatch.dispatch(ReflectionDispatch.java:24)
	at org.gradle.internal.dispatch.ContextClassLoaderDispatch.dispatch(ContextClassLoaderDispatch.java:33)
	at org.gradle.internal.dispatch.ProxyDispatchAdapter$DispatchingInvocationHandler.invoke(ProxyDispatchAdapter.java:94)
	at com.sun.proxy.$Proxy2.stop(Unknown Source)
	at org.gradle.api.internal.tasks.testing.worker.TestWorker.stop(TestWorker.java:133)
	at java.base/jdk.internal.reflect.NativeMethodAccessorImpl.invoke0(Native Method)
	at java.base/jdk.internal.reflect.NativeMethodAccessorImpl.invoke(NativeMethodAccessorImpl.java:62)
	at java.base/jdk.internal.reflect.DelegatingMethodAccessorImpl.invoke(DelegatingMethodAccessorImpl.java:43)
	at java.base/java.lang.reflect.Method.invoke(Method.java:566)
	at org.gradle.internal.dispatch.ReflectionDispatch.dispatch(ReflectionDispatch.java:36)
	at org.gradle.internal.dispatch.ReflectionDispatch.dispatch(ReflectionDispatch.java:24)
	at org.gradle.internal.remote.internal.hub.MessageHubBackedObjectConnection$DispatchWrapper.dispatch(MessageHubBackedObjectConnection.java:182)
	at org.gradle.internal.remote.internal.hub.MessageHubBackedObjectConnection$DispatchWrapper.dispatch(MessageHubBackedObjectConnection.java:164)
	at org.gradle.internal.remote.internal.hub.MessageHub$Handler.run(MessageHub.java:414)
	at org.gradle.internal.concurrent.ExecutorPolicy$CatchAndRecordFailures.onExecute(ExecutorPolicy.java:64)
	at org.gradle.internal.concurrent.ManagedExecutorImpl$1.run(ManagedExecutorImpl.java:48)
	at java.base/java.util.concurrent.ThreadPoolExecutor.runWorker(ThreadPoolExecutor.java:1128)
	at java.base/java.util.concurrent.ThreadPoolExecutor$Worker.run(ThreadPoolExecutor.java:628)
	at org.gradle.internal.concurrent.ThreadFactoryImpl$ManagedThreadRunnable.run(ThreadFactoryImpl.java:56)
	at java.base/java.lang.Thread.run(Thread.java:829)
[DEBUG] 2022-06-12 12:06:36,685 i.n.u.i.PlatformDependent0 - java.nio.Bits.unaligned: available, true
[DEBUG] 2022-06-12 12:06:36,689 i.n.u.i.PlatformDependent0 - jdk.internal.misc.Unsafe.allocateUninitializedArray(int): unavailable
java.lang.IllegalAccessException: class io.netty.util.internal.PlatformDependent0$6 cannot access class jdk.internal.misc.Unsafe (in module java.base) because module java.base does not export jdk.internal.misc to unnamed module @388273e7
	at java.base/jdk.internal.reflect.Reflection.newIllegalAccessException(Reflection.java:361)
	at java.base/java.lang.reflect.AccessibleObject.checkAccess(AccessibleObject.java:591)
	at java.base/java.lang.reflect.Method.invoke(Method.java:558)
	at io.netty.util.internal.PlatformDependent0$6.run(PlatformDependent0.java:347)
	at java.base/java.security.AccessController.doPrivileged(Native Method)
	at io.netty.util.internal.PlatformDependent0.<clinit>(PlatformDependent0.java:338)
	at io.netty.util.internal.PlatformDependent.isAndroid(PlatformDependent.java:289)
	at io.netty.util.internal.PlatformDependent.<clinit>(PlatformDependent.java:92)
	at io.netty.channel.nio.NioEventLoop.newTaskQueue0(NioEventLoop.java:279)
	at io.netty.channel.nio.NioEventLoop.newTaskQueue(NioEventLoop.java:150)
	at io.netty.channel.nio.NioEventLoop.<init>(NioEventLoop.java:138)
	at io.netty.channel.nio.NioEventLoopGroup.newChild(NioEventLoopGroup.java:146)
	at io.netty.channel.nio.NioEventLoopGroup.newChild(NioEventLoopGroup.java:37)
	at io.netty.util.concurrent.MultithreadEventExecutorGroup.<init>(MultithreadEventExecutorGroup.java:84)
	at io.netty.util.concurrent.MultithreadEventExecutorGroup.<init>(MultithreadEventExecutorGroup.java:58)
	at io.netty.util.concurrent.MultithreadEventExecutorGroup.<init>(MultithreadEventExecutorGroup.java:47)
	at io.netty.channel.MultithreadEventLoopGroup.<init>(MultithreadEventLoopGroup.java:59)
	at io.netty.channel.nio.NioEventLoopGroup.<init>(NioEventLoopGroup.java:86)
	at io.netty.channel.nio.NioEventLoopGroup.<init>(NioEventLoopGroup.java:81)
	at io.netty.channel.nio.NioEventLoopGroup.<init>(NioEventLoopGroup.java:68)
	at io.vertx.core.net.impl.transport.Transport.eventLoopGroup(Transport.java:153)
	at io.vertx.core.impl.VertxImpl.<init>(VertxImpl.java:143)
	at io.vertx.core.impl.VertxImpl.vertx(VertxImpl.java:92)
	at io.vertx.core.impl.VertxFactoryImpl.vertx(VertxFactoryImpl.java:40)
	at io.vertx.core.impl.VertxFactoryImpl.vertx(VertxFactoryImpl.java:32)
	at io.vertx.core.impl.VertxFactoryImpl.vertx(VertxFactoryImpl.java:27)
	at io.vertx.core.Vertx.vertx(Vertx.java:75)
	at io.vertx.junit5.VertxExtension$ScopedObject.get(VertxExtension.java:266)
	at io.vertx.junit5.VertxExtension.unpack(VertxExtension.java:135)
	at io.vertx.junit5.VertxExtension.getOrCreateScopedObject(VertxExtension.java:130)
	at io.vertx.junit5.VertxExtension.retrieveVertx(VertxExtension.java:344)
	at io.vertx.junit5.VertxExtension.resolveParameter(VertxExtension.java:105)
	at org.junit.jupiter.engine.execution.ExecutableInvoker.resolveParameter(ExecutableInvoker.java:216)
	at org.junit.jupiter.engine.execution.ExecutableInvoker.resolveParameters(ExecutableInvoker.java:183)
	at org.junit.jupiter.engine.execution.ExecutableInvoker.resolveParameters(ExecutableInvoker.java:144)
	at org.junit.jupiter.engine.execution.ExecutableInvoker.invoke(ExecutableInvoker.java:96)
	at org.junit.jupiter.engine.descriptor.ClassBasedTestDescriptor.invokeMethodInExtensionContext(ClassBasedTestDescriptor.java:464)
	at org.junit.jupiter.engine.descriptor.ClassBasedTestDescriptor.lambda$synthesizeBeforeEachMethodAdapter$16(ClassBasedTestDescriptor.java:449)
	at org.junit.jupiter.engine.descriptor.TestMethodTestDescriptor.lambda$invokeBeforeEachMethods$2(TestMethodTestDescriptor.java:159)
	at org.junit.jupiter.engine.descriptor.TestMethodTestDescriptor.lambda$invokeBeforeMethodsOrCallbacksUntilExceptionOccurs$5(TestMethodTestDescriptor.java:187)
	at org.junit.platform.engine.support.hierarchical.ThrowableCollector.execute(ThrowableCollector.java:73)
	at org.junit.jupiter.engine.descriptor.TestMethodTestDescriptor.invokeBeforeMethodsOrCallbacksUntilExceptionOccurs(TestMethodTestDescriptor.java:187)
	at org.junit.jupiter.engine.descriptor.TestMethodTestDescriptor.invokeBeforeEachMethods(TestMethodTestDescriptor.java:156)
	at org.junit.jupiter.engine.descriptor.TestMethodTestDescriptor.execute(TestMethodTestDescriptor.java:131)
	at org.junit.jupiter.engine.descriptor.TestMethodTestDescriptor.execute(TestMethodTestDescriptor.java:69)
	at org.junit.platform.engine.support.hierarchical.NodeTestTask.lambda$executeRecursively$5(NodeTestTask.java:135)
	at org.junit.platform.engine.support.hierarchical.ThrowableCollector.execute(ThrowableCollector.java:73)
	at org.junit.platform.engine.support.hierarchical.NodeTestTask.lambda$executeRecursively$7(NodeTestTask.java:125)
	at org.junit.platform.engine.support.hierarchical.Node.around(Node.java:135)
	at org.junit.platform.engine.support.hierarchical.NodeTestTask.lambda$executeRecursively$8(NodeTestTask.java:123)
	at org.junit.platform.engine.support.hierarchical.ThrowableCollector.execute(ThrowableCollector.java:73)
	at org.junit.platform.engine.support.hierarchical.NodeTestTask.executeRecursively(NodeTestTask.java:122)
	at org.junit.platform.engine.support.hierarchical.NodeTestTask.execute(NodeTestTask.java:80)
	at java.base/java.util.ArrayList.forEach(ArrayList.java:1541)
	at org.junit.platform.engine.support.hierarchical.SameThreadHierarchicalTestExecutorService.invokeAll(SameThreadHierarchicalTestExecutorService.java:38)
	at org.junit.platform.engine.support.hierarchical.NodeTestTask.lambda$executeRecursively$5(NodeTestTask.java:139)
	at org.junit.platform.engine.support.hierarchical.ThrowableCollector.execute(ThrowableCollector.java:73)
	at org.junit.platform.engine.support.hierarchical.NodeTestTask.lambda$executeRecursively$7(NodeTestTask.java:125)
	at org.junit.platform.engine.support.hierarchical.Node.around(Node.java:135)
	at org.junit.platform.engine.support.hierarchical.NodeTestTask.lambda$executeRecursively$8(NodeTestTask.java:123)
	at org.junit.platform.engine.support.hierarchical.ThrowableCollector.execute(ThrowableCollector.java:73)
	at org.junit.platform.engine.support.hierarchical.NodeTestTask.executeRecursively(NodeTestTask.java:122)
	at org.junit.platform.engine.support.hierarchical.NodeTestTask.execute(NodeTestTask.java:80)
	at java.base/java.util.ArrayList.forEach(ArrayList.java:1541)
	at org.junit.platform.engine.support.hierarchical.SameThreadHierarchicalTestExecutorService.invokeAll(SameThreadHierarchicalTestExecutorService.java:38)
	at org.junit.platform.engine.support.hierarchical.NodeTestTask.lambda$executeRecursively$5(NodeTestTask.java:139)
	at org.junit.platform.engine.support.hierarchical.ThrowableCollector.execute(ThrowableCollector.java:73)
	at org.junit.platform.engine.support.hierarchical.NodeTestTask.lambda$executeRecursively$7(NodeTestTask.java:125)
	at org.junit.platform.engine.support.hierarchical.Node.around(Node.java:135)
	at org.junit.platform.engine.support.hierarchical.NodeTestTask.lambda$executeRecursively$8(NodeTestTask.java:123)
	at org.junit.platform.engine.support.hierarchical.ThrowableCollector.execute(ThrowableCollector.java:73)
	at org.junit.platform.engine.support.hierarchical.NodeTestTask.executeRecursively(NodeTestTask.java:122)
	at org.junit.platform.engine.support.hierarchical.NodeTestTask.execute(NodeTestTask.java:80)
	at org.junit.platform.engine.support.hierarchical.SameThreadHierarchicalTestExecutorService.submit(SameThreadHierarchicalTestExecutorService.java:32)
	at org.junit.platform.engine.support.hierarchical.HierarchicalTestExecutor.execute(HierarchicalTestExecutor.java:57)
	at org.junit.platform.engine.support.hierarchical.HierarchicalTestEngine.execute(HierarchicalTestEngine.java:51)
	at org.junit.platform.launcher.core.DefaultLauncher.execute(DefaultLauncher.java:248)
	at org.junit.platform.launcher.core.DefaultLauncher.lambda$execute$5(DefaultLauncher.java:211)
	at org.junit.platform.launcher.core.DefaultLauncher.withInterceptedStreams(DefaultLauncher.java:226)
	at org.junit.platform.launcher.core.DefaultLauncher.execute(DefaultLauncher.java:199)
	at org.junit.platform.launcher.core.DefaultLauncher.execute(DefaultLauncher.java:132)
	at org.gradle.api.internal.tasks.testing.junitplatform.JUnitPlatformTestClassProcessor$CollectAllTestClassesExecutor.processAllTestClasses(JUnitPlatformTestClassProcessor.java:99)
	at org.gradle.api.internal.tasks.testing.junitplatform.JUnitPlatformTestClassProcessor$CollectAllTestClassesExecutor.access$000(JUnitPlatformTestClassProcessor.java:79)
	at org.gradle.api.internal.tasks.testing.junitplatform.JUnitPlatformTestClassProcessor.stop(JUnitPlatformTestClassProcessor.java:75)
	at org.gradle.api.internal.tasks.testing.SuiteTestClassProcessor.stop(SuiteTestClassProcessor.java:61)
	at java.base/jdk.internal.reflect.NativeMethodAccessorImpl.invoke0(Native Method)
	at java.base/jdk.internal.reflect.NativeMethodAccessorImpl.invoke(NativeMethodAccessorImpl.java:62)
	at java.base/jdk.internal.reflect.DelegatingMethodAccessorImpl.invoke(DelegatingMethodAccessorImpl.java:43)
	at java.base/java.lang.reflect.Method.invoke(Method.java:566)
	at org.gradle.internal.dispatch.ReflectionDispatch.dispatch(ReflectionDispatch.java:36)
	at org.gradle.internal.dispatch.ReflectionDispatch.dispatch(ReflectionDispatch.java:24)
	at org.gradle.internal.dispatch.ContextClassLoaderDispatch.dispatch(ContextClassLoaderDispatch.java:33)
	at org.gradle.internal.dispatch.ProxyDispatchAdapter$DispatchingInvocationHandler.invoke(ProxyDispatchAdapter.java:94)
	at com.sun.proxy.$Proxy2.stop(Unknown Source)
	at org.gradle.api.internal.tasks.testing.worker.TestWorker.stop(TestWorker.java:133)
	at java.base/jdk.internal.reflect.NativeMethodAccessorImpl.invoke0(Native Method)
	at java.base/jdk.internal.reflect.NativeMethodAccessorImpl.invoke(NativeMethodAccessorImpl.java:62)
	at java.base/jdk.internal.reflect.DelegatingMethodAccessorImpl.invoke(DelegatingMethodAccessorImpl.java:43)
	at java.base/java.lang.reflect.Method.invoke(Method.java:566)
	at org.gradle.internal.dispatch.ReflectionDispatch.dispatch(ReflectionDispatch.java:36)
	at org.gradle.internal.dispatch.ReflectionDispatch.dispatch(ReflectionDispatch.java:24)
	at org.gradle.internal.remote.internal.hub.MessageHubBackedObjectConnection$DispatchWrapper.dispatch(MessageHubBackedObjectConnection.java:182)
	at org.gradle.internal.remote.internal.hub.MessageHubBackedObjectConnection$DispatchWrapper.dispatch(MessageHubBackedObjectConnection.java:164)
	at org.gradle.internal.remote.internal.hub.MessageHub$Handler.run(MessageHub.java:414)
	at org.gradle.internal.concurrent.ExecutorPolicy$CatchAndRecordFailures.onExecute(ExecutorPolicy.java:64)
	at org.gradle.internal.concurrent.ManagedExecutorImpl$1.run(ManagedExecutorImpl.java:48)
	at java.base/java.util.concurrent.ThreadPoolExecutor.runWorker(ThreadPoolExecutor.java:1128)
	at java.base/java.util.concurrent.ThreadPoolExecutor$Worker.run(ThreadPoolExecutor.java:628)
	at org.gradle.internal.concurrent.ThreadFactoryImpl$ManagedThreadRunnable.run(ThreadFactoryImpl.java:56)
	at java.base/java.lang.Thread.run(Thread.java:829)
[DEBUG] 2022-06-12 12:06:36,693 i.n.u.i.PlatformDependent0 - java.nio.DirectByteBuffer.<init>(long, int): unavailable
[DEBUG] 2022-06-12 12:06:36,694 i.n.u.i.PlatformDependent - sun.misc.Unsafe: available
[DEBUG] 2022-06-12 12:06:36,700 i.n.u.i.PlatformDependent - maxDirectMemory: 536870912 bytes (maybe)
[DEBUG] 2022-06-12 12:06:36,701 i.n.u.i.PlatformDependent - -Dio.netty.tmpdir: /tmp (java.io.tmpdir)
[DEBUG] 2022-06-12 12:06:36,702 i.n.u.i.PlatformDependent - -Dio.netty.bitMode: 64 (sun.arch.data.model)
[DEBUG] 2022-06-12 12:06:36,709 i.n.u.i.PlatformDependent - -Dio.netty.maxDirectMemory: -1 bytes
[DEBUG] 2022-06-12 12:06:36,711 i.n.u.i.PlatformDependent - -Dio.netty.uninitializedArrayAllocationThreshold: -1
[DEBUG] 2022-06-12 12:06:36,716 i.n.u.i.CleanerJava9 - java.nio.ByteBuffer.cleaner(): available
[DEBUG] 2022-06-12 12:06:36,718 i.n.u.i.PlatformDependent - -Dio.netty.noPreferDirect: false
[DEBUG] 2022-06-12 12:06:36,776 i.n.u.i.PlatformDependent - org.jctools-core.MpscChunkedArrayQueue: available
[DEBUG] 2022-06-12 12:06:36,852 i.n.r.d.DefaultDnsServerAddressStreamProvider - Default DNS servers: [/127.0.0.11:53] (sun.net.dns.ResolverConfiguration)
[DEBUG] 2022-06-12 12:06:36,884 i.n.u.NetUtil   - -Djava.net.preferIPv4Stack: false
[DEBUG] 2022-06-12 12:06:36,890 i.n.u.NetUtil   - -Djava.net.preferIPv6Addresses: false
[DEBUG] 2022-06-12 12:06:36,895 i.n.u.NetUtil   - Loopback interface: lo (lo, 127.0.0.1)
[DEBUG] 2022-06-12 12:06:36,899 i.n.u.NetUtil   - /proc/sys/net/core/somaxconn: 4096
[DEBUG] 2022-06-12 12:06:37,236 i.n.b.PooledByteBufAllocator - -Dio.netty.allocator.numHeapArenas: 5
[DEBUG] 2022-06-12 12:06:37,238 i.n.b.PooledByteBufAllocator - -Dio.netty.allocator.numDirectArenas: 5
[DEBUG] 2022-06-12 12:06:37,238 i.n.b.PooledByteBufAllocator - -Dio.netty.allocator.pageSize: 8192
[DEBUG] 2022-06-12 12:06:37,239 i.n.b.PooledByteBufAllocator - -Dio.netty.allocator.maxOrder: 11
[DEBUG] 2022-06-12 12:06:37,240 i.n.b.PooledByteBufAllocator - -Dio.netty.allocator.chunkSize: 16777216
[DEBUG] 2022-06-12 12:06:37,242 i.n.b.PooledByteBufAllocator - -Dio.netty.allocator.tinyCacheSize: 512
[DEBUG] 2022-06-12 12:06:37,243 i.n.b.PooledByteBufAllocator - -Dio.netty.allocator.smallCacheSize: 256
[DEBUG] 2022-06-12 12:06:37,244 i.n.b.PooledByteBufAllocator - -Dio.netty.allocator.normalCacheSize: 64
[DEBUG] 2022-06-12 12:06:37,246 i.n.b.PooledByteBufAllocator - -Dio.netty.allocator.maxCachedBufferCapacity: 32768
[DEBUG] 2022-06-12 12:06:37,248 i.n.b.PooledByteBufAllocator - -Dio.netty.allocator.cacheTrimInterval: 8192
[DEBUG] 2022-06-12 12:06:37,249 i.n.b.PooledByteBufAllocator - -Dio.netty.allocator.cacheTrimIntervalMillis: 0
[DEBUG] 2022-06-12 12:06:37,250 i.n.b.PooledByteBufAllocator - -Dio.netty.allocator.useCacheForAllThreads: true
[DEBUG] 2022-06-12 12:06:37,251 i.n.b.PooledByteBufAllocator - -Dio.netty.allocator.maxCachedByteBuffersPerChunk: 1023
[DEBUG] 2022-06-12 12:06:37,559 i.n.c.DefaultChannelId - -Dio.netty.processId: 20013 (auto-detected)
[DEBUG] 2022-06-12 12:06:37,567 i.n.c.DefaultChannelId - -Dio.netty.machineId: 02:42:ac:ff:fe:16:00:02 (auto-detected)
[DEBUG] 2022-06-12 12:06:37,669 i.n.b.ByteBufUtil - -Dio.netty.allocator.type: pooled
[DEBUG] 2022-06-12 12:06:37,670 i.n.b.ByteBufUtil - -Dio.netty.threadLocalDirectBufferSize: 0
[DEBUG] 2022-06-12 12:06:37,671 i.n.b.ByteBufUtil - -Dio.netty.maxThreadLocalCharBufferSize: 16384
[DEBUG] 2022-06-12 12:06:38,049 i.n.b.AbstractByteBuf - -Dio.netty.buffer.checkAccessible: true
[DEBUG] 2022-06-12 12:06:38,050 i.n.b.AbstractByteBuf - -Dio.netty.buffer.checkBounds: true
[DEBUG] 2022-06-12 12:06:38,055 i.n.u.ResourceLeakDetectorFactory - Loaded default ResourceLeakDetector: io.netty.util.ResourceLeakDetector@16302740
[DEBUG] 2022-06-12 12:06:38,249 i.n.u.Recycler  - -Dio.netty.recycler.maxCapacityPerThread: 4096
[DEBUG] 2022-06-12 12:06:38,250 i.n.u.Recycler  - -Dio.netty.recycler.maxSharedCapacityFactor: 2
[DEBUG] 2022-06-12 12:06:38,250 i.n.u.Recycler  - -Dio.netty.recycler.linkCapacity: 16
[DEBUG] 2022-06-12 12:06:38,252 i.n.u.Recycler  - -Dio.netty.recycler.ratio: 8
[DEBUG] 2022-06-12 12:06:38,357 i.n.h.c.c.ZlibCodecFactory - -Dio.netty.noJdkZlibDecoder: false
[DEBUG] 2022-06-12 12:06:38,358 i.n.h.c.c.ZlibCodecFactory - -Dio.netty.noJdkZlibEncoder: false
[DEBUG] 2022-06-12 12:06:38,383 i.v.s.MainVerticle - 
[INFO ] 2022-06-12 12:06:38,384 i.v.s.MainVerticle - 
[WARN ] 2022-06-12 12:06:38,385 i.v.s.MainVerticle - 
[ERROR] 2022-06-12 12:06:38,386 i.v.s.MainVerticle - 
[DEBUG] 2022-06-12 12:06:38,503 i.n.b.PoolThreadCache - Freed 2 thread-local buffer(s) from thread: vert.x-eventloop-thread-0
[DEBUG] 2022-06-12 12:06:38,503 i.n.b.PoolThreadCache - Freed 2 thread-local buffer(s) from thread: vert.x-eventloop-thread-4
[DEBUG] 2022-06-12 12:06:43,574 i.n.u.i.l.InternalLoggerFactory - Using SLF4J as the default logging framework
[DEBUG] 2022-06-12 12:06:43,588 i.n.u.ResourceLeakDetector - -Dio.netty.leakDetection.level: simple
[DEBUG] 2022-06-12 12:06:43,588 i.n.u.ResourceLeakDetector - -Dio.netty.leakDetection.targetRecords: 4
[DEBUG] 2022-06-12 12:06:43,639 i.n.u.i.InternalThreadLocalMap - -Dio.netty.threadLocalMap.stringBuilder.initialSize: 1024
[DEBUG] 2022-06-12 12:06:43,640 i.n.u.i.InternalThreadLocalMap - -Dio.netty.threadLocalMap.stringBuilder.maxSize: 4096
[DEBUG] 2022-06-12 12:06:43,667 i.n.c.MultithreadEventLoopGroup - -Dio.netty.eventLoopThreads: 8
[DEBUG] 2022-06-12 12:06:43,743 i.n.c.n.NioEventLoop - -Dio.netty.noKeySetOptimization: false
[DEBUG] 2022-06-12 12:06:43,744 i.n.c.n.NioEventLoop - -Dio.netty.selectorAutoRebuildThreshold: 512
[DEBUG] 2022-06-12 12:06:43,814 i.n.u.i.PlatformDependent0 - -Dio.netty.noUnsafe: false
[DEBUG] 2022-06-12 12:06:43,815 i.n.u.i.PlatformDependent0 - Java version: 11
[DEBUG] 2022-06-12 12:06:43,819 i.n.u.i.PlatformDependent0 - sun.misc.Unsafe.theUnsafe: available
[DEBUG] 2022-06-12 12:06:43,821 i.n.u.i.PlatformDependent0 - sun.misc.Unsafe.copyMemory: available
[DEBUG] 2022-06-12 12:06:43,824 i.n.u.i.PlatformDependent0 - java.nio.Buffer.address: available
[DEBUG] 2022-06-12 12:06:43,831 i.n.u.i.PlatformDependent0 - direct buffer constructor: unavailable
java.lang.UnsupportedOperationException: Reflective setAccessible(true) disabled
	at io.netty.util.internal.ReflectionUtil.trySetAccessible(ReflectionUtil.java:31)
	at io.netty.util.internal.PlatformDependent0$4.run(PlatformDependent0.java:233)
	at java.base/java.security.AccessController.doPrivileged(Native Method)
	at io.netty.util.internal.PlatformDependent0.<clinit>(PlatformDependent0.java:227)
	at io.netty.util.internal.PlatformDependent.isAndroid(PlatformDependent.java:289)
	at io.netty.util.internal.PlatformDependent.<clinit>(PlatformDependent.java:92)
	at io.netty.channel.nio.NioEventLoop.newTaskQueue0(NioEventLoop.java:279)
	at io.netty.channel.nio.NioEventLoop.newTaskQueue(NioEventLoop.java:150)
	at io.netty.channel.nio.NioEventLoop.<init>(NioEventLoop.java:138)
	at io.netty.channel.nio.NioEventLoopGroup.newChild(NioEventLoopGroup.java:146)
	at io.netty.channel.nio.NioEventLoopGroup.newChild(NioEventLoopGroup.java:37)
	at io.netty.util.concurrent.MultithreadEventExecutorGroup.<init>(MultithreadEventExecutorGroup.java:84)
	at io.netty.util.concurrent.MultithreadEventExecutorGroup.<init>(MultithreadEventExecutorGroup.java:58)
	at io.netty.util.concurrent.MultithreadEventExecutorGroup.<init>(MultithreadEventExecutorGroup.java:47)
	at io.netty.channel.MultithreadEventLoopGroup.<init>(MultithreadEventLoopGroup.java:59)
	at io.netty.channel.nio.NioEventLoopGroup.<init>(NioEventLoopGroup.java:86)
	at io.netty.channel.nio.NioEventLoopGroup.<init>(NioEventLoopGroup.java:81)
	at io.netty.channel.nio.NioEventLoopGroup.<init>(NioEventLoopGroup.java:68)
	at io.vertx.core.net.impl.transport.Transport.eventLoopGroup(Transport.java:153)
	at io.vertx.core.impl.VertxImpl.<init>(VertxImpl.java:143)
	at io.vertx.core.impl.VertxImpl.vertx(VertxImpl.java:92)
	at io.vertx.core.impl.VertxFactoryImpl.vertx(VertxFactoryImpl.java:40)
	at io.vertx.core.impl.VertxFactoryImpl.vertx(VertxFactoryImpl.java:32)
	at io.vertx.core.Vertx.vertx(Vertx.java:85)
	at io.vertx.core.impl.launcher.commands.ClasspathHandler.create(ClasspathHandler.java:113)
	at io.vertx.core.impl.launcher.commands.BareCommand.startVertx(BareCommand.java:278)
	at io.vertx.core.impl.launcher.commands.BareCommand.run(BareCommand.java:192)
	at io.vertx.core.impl.launcher.commands.RunCommand.run(RunCommand.java:249)
	at io.vertx.core.impl.launcher.VertxCommandLauncher.execute(VertxCommandLauncher.java:248)
	at io.vertx.core.impl.launcher.VertxCommandLauncher.dispatch(VertxCommandLauncher.java:383)
	at io.vertx.core.impl.launcher.VertxCommandLauncher.dispatch(VertxCommandLauncher.java:346)
	at io.vertx.core.Launcher.main(Launcher.java:45)
[DEBUG] 2022-06-12 12:06:43,836 i.n.u.i.PlatformDependent0 - java.nio.Bits.unaligned: available, true
[DEBUG] 2022-06-12 12:06:43,840 i.n.u.i.PlatformDependent0 - jdk.internal.misc.Unsafe.allocateUninitializedArray(int): unavailable
java.lang.IllegalAccessException: class io.netty.util.internal.PlatformDependent0$6 cannot access class jdk.internal.misc.Unsafe (in module java.base) because module java.base does not export jdk.internal.misc to unnamed module @51399530
	at java.base/jdk.internal.reflect.Reflection.newIllegalAccessException(Reflection.java:361)
	at java.base/java.lang.reflect.AccessibleObject.checkAccess(AccessibleObject.java:591)
	at java.base/java.lang.reflect.Method.invoke(Method.java:558)
	at io.netty.util.internal.PlatformDependent0$6.run(PlatformDependent0.java:347)
	at java.base/java.security.AccessController.doPrivileged(Native Method)
	at io.netty.util.internal.PlatformDependent0.<clinit>(PlatformDependent0.java:338)
	at io.netty.util.internal.PlatformDependent.isAndroid(PlatformDependent.java:289)
	at io.netty.util.internal.PlatformDependent.<clinit>(PlatformDependent.java:92)
	at io.netty.channel.nio.NioEventLoop.newTaskQueue0(NioEventLoop.java:279)
	at io.netty.channel.nio.NioEventLoop.newTaskQueue(NioEventLoop.java:150)
	at io.netty.channel.nio.NioEventLoop.<init>(NioEventLoop.java:138)
	at io.netty.channel.nio.NioEventLoopGroup.newChild(NioEventLoopGroup.java:146)
	at io.netty.channel.nio.NioEventLoopGroup.newChild(NioEventLoopGroup.java:37)
	at io.netty.util.concurrent.MultithreadEventExecutorGroup.<init>(MultithreadEventExecutorGroup.java:84)
	at io.netty.util.concurrent.MultithreadEventExecutorGroup.<init>(MultithreadEventExecutorGroup.java:58)
	at io.netty.util.concurrent.MultithreadEventExecutorGroup.<init>(MultithreadEventExecutorGroup.java:47)
	at io.netty.channel.MultithreadEventLoopGroup.<init>(MultithreadEventLoopGroup.java:59)
	at io.netty.channel.nio.NioEventLoopGroup.<init>(NioEventLoopGroup.java:86)
	at io.netty.channel.nio.NioEventLoopGroup.<init>(NioEventLoopGroup.java:81)
	at io.netty.channel.nio.NioEventLoopGroup.<init>(NioEventLoopGroup.java:68)
	at io.vertx.core.net.impl.transport.Transport.eventLoopGroup(Transport.java:153)
	at io.vertx.core.impl.VertxImpl.<init>(VertxImpl.java:143)
	at io.vertx.core.impl.VertxImpl.vertx(VertxImpl.java:92)
	at io.vertx.core.impl.VertxFactoryImpl.vertx(VertxFactoryImpl.java:40)
	at io.vertx.core.impl.VertxFactoryImpl.vertx(VertxFactoryImpl.java:32)
	at io.vertx.core.Vertx.vertx(Vertx.java:85)
	at io.vertx.core.impl.launcher.commands.ClasspathHandler.create(ClasspathHandler.java:113)
	at io.vertx.core.impl.launcher.commands.BareCommand.startVertx(BareCommand.java:278)
	at io.vertx.core.impl.launcher.commands.BareCommand.run(BareCommand.java:192)
	at io.vertx.core.impl.launcher.commands.RunCommand.run(RunCommand.java:249)
	at io.vertx.core.impl.launcher.VertxCommandLauncher.execute(VertxCommandLauncher.java:248)
	at io.vertx.core.impl.launcher.VertxCommandLauncher.dispatch(VertxCommandLauncher.java:383)
	at io.vertx.core.impl.launcher.VertxCommandLauncher.dispatch(VertxCommandLauncher.java:346)
	at io.vertx.core.Launcher.main(Launcher.java:45)
[DEBUG] 2022-06-12 12:06:43,841 i.n.u.i.PlatformDependent0 - java.nio.DirectByteBuffer.<init>(long, int): unavailable
[DEBUG] 2022-06-12 12:06:43,842 i.n.u.i.PlatformDependent - sun.misc.Unsafe: available
[DEBUG] 2022-06-12 12:06:43,848 i.n.u.i.PlatformDependent - maxDirectMemory: 3137339392 bytes (maybe)
[DEBUG] 2022-06-12 12:06:43,849 i.n.u.i.PlatformDependent - -Dio.netty.tmpdir: /tmp (java.io.tmpdir)
[DEBUG] 2022-06-12 12:06:43,850 i.n.u.i.PlatformDependent - -Dio.netty.bitMode: 64 (sun.arch.data.model)
[DEBUG] 2022-06-12 12:06:43,855 i.n.u.i.PlatformDependent - -Dio.netty.maxDirectMemory: -1 bytes
[DEBUG] 2022-06-12 12:06:43,855 i.n.u.i.PlatformDependent - -Dio.netty.uninitializedArrayAllocationThreshold: -1
[DEBUG] 2022-06-12 12:06:43,859 i.n.u.i.CleanerJava9 - java.nio.ByteBuffer.cleaner(): available
[DEBUG] 2022-06-12 12:06:43,860 i.n.u.i.PlatformDependent - -Dio.netty.noPreferDirect: false
[DEBUG] 2022-06-12 12:06:43,900 i.n.u.i.PlatformDependent - org.jctools-core.MpscChunkedArrayQueue: available
[DEBUG] 2022-06-12 12:06:43,984 i.n.r.d.DefaultDnsServerAddressStreamProvider - Default DNS servers: [/127.0.0.11:53] (sun.net.dns.ResolverConfiguration)
[DEBUG] 2022-06-12 12:06:44,015 i.n.u.NetUtil   - -Djava.net.preferIPv4Stack: false
[DEBUG] 2022-06-12 12:06:44,020 i.n.u.NetUtil   - -Djava.net.preferIPv6Addresses: false
[DEBUG] 2022-06-12 12:06:44,028 i.n.u.NetUtil   - Loopback interface: lo (lo, 127.0.0.1)
[DEBUG] 2022-06-12 12:06:44,031 i.n.u.NetUtil   - /proc/sys/net/core/somaxconn: 4096
[DEBUG] 2022-06-12 12:06:44,256 i.n.b.PooledByteBufAllocator - -Dio.netty.allocator.numHeapArenas: 8
[DEBUG] 2022-06-12 12:06:44,258 i.n.b.PooledByteBufAllocator - -Dio.netty.allocator.numDirectArenas: 8
[DEBUG] 2022-06-12 12:06:44,259 i.n.b.PooledByteBufAllocator - -Dio.netty.allocator.pageSize: 8192
[DEBUG] 2022-06-12 12:06:44,259 i.n.b.PooledByteBufAllocator - -Dio.netty.allocator.maxOrder: 11
[DEBUG] 2022-06-12 12:06:44,260 i.n.b.PooledByteBufAllocator - -Dio.netty.allocator.chunkSize: 16777216
[DEBUG] 2022-06-12 12:06:44,261 i.n.b.PooledByteBufAllocator - -Dio.netty.allocator.tinyCacheSize: 512
[DEBUG] 2022-06-12 12:06:44,262 i.n.b.PooledByteBufAllocator - -Dio.netty.allocator.smallCacheSize: 256
[DEBUG] 2022-06-12 12:06:44,262 i.n.b.PooledByteBufAllocator - -Dio.netty.allocator.normalCacheSize: 64
[DEBUG] 2022-06-12 12:06:44,263 i.n.b.PooledByteBufAllocator - -Dio.netty.allocator.maxCachedBufferCapacity: 32768
[DEBUG] 2022-06-12 12:06:44,264 i.n.b.PooledByteBufAllocator - -Dio.netty.allocator.cacheTrimInterval: 8192
[DEBUG] 2022-06-12 12:06:44,265 i.n.b.PooledByteBufAllocator - -Dio.netty.allocator.cacheTrimIntervalMillis: 0
[DEBUG] 2022-06-12 12:06:44,265 i.n.b.PooledByteBufAllocator - -Dio.netty.allocator.useCacheForAllThreads: true
[DEBUG] 2022-06-12 12:06:44,266 i.n.b.PooledByteBufAllocator - -Dio.netty.allocator.maxCachedByteBuffersPerChunk: 1023
[DEBUG] 2022-06-12 12:06:44,479 i.n.c.DefaultChannelId - -Dio.netty.processId: 20762 (auto-detected)
[DEBUG] 2022-06-12 12:06:44,486 i.n.c.DefaultChannelId - -Dio.netty.machineId: 02:42:ac:ff:fe:16:00:02 (auto-detected)
[DEBUG] 2022-06-12 12:06:44,554 i.n.b.ByteBufUtil - -Dio.netty.allocator.type: pooled
[DEBUG] 2022-06-12 12:06:44,555 i.n.b.ByteBufUtil - -Dio.netty.threadLocalDirectBufferSize: 0
[DEBUG] 2022-06-12 12:06:44,556 i.n.b.ByteBufUtil - -Dio.netty.maxThreadLocalCharBufferSize: 16384
[DEBUG] 2022-06-12 12:06:48,303 i.n.u.Recycler  - -Dio.netty.recycler.maxCapacityPerThread: 4096
[DEBUG] 2022-06-12 12:06:48,304 i.n.u.Recycler  - -Dio.netty.recycler.maxSharedCapacityFactor: 2
[DEBUG] 2022-06-12 12:06:48,306 i.n.u.Recycler  - -Dio.netty.recycler.linkCapacity: 16
[DEBUG] 2022-06-12 12:06:48,307 i.n.u.Recycler  - -Dio.netty.recycler.ratio: 8
[DEBUG] 2022-06-12 12:06:48,334 i.n.b.AbstractByteBuf - -Dio.netty.buffer.checkAccessible: true
[DEBUG] 2022-06-12 12:06:48,335 i.n.b.AbstractByteBuf - -Dio.netty.buffer.checkBounds: true
[DEBUG] 2022-06-12 12:06:48,342 i.n.u.ResourceLeakDetectorFactory - Loaded default ResourceLeakDetector: io.netty.util.ResourceLeakDetector@9d0cf89
[DEBUG] 2022-06-12 12:06:48,578 i.n.h.c.c.ZlibCodecFactory - -Dio.netty.noJdkZlibDecoder: false
[DEBUG] 2022-06-12 12:06:48,579 i.n.h.c.c.ZlibCodecFactory - -Dio.netty.noJdkZlibEncoder: false
[DEBUG] 2022-06-12 12:06:48,603 i.v.s.MainVerticle - 
[INFO ] 2022-06-12 12:06:48,604 i.v.s.MainVerticle - 
[WARN ] 2022-06-12 12:06:48,604 i.v.s.MainVerticle - 
[ERROR] 2022-06-12 12:06:48,606 i.v.s.MainVerticle - 
[DEBUG] 2022-06-12 12:06:48,687 i.v.s.MainVerticle - 
[INFO ] 2022-06-12 12:06:48,689 i.v.s.MainVerticle - 
[WARN ] 2022-06-12 12:06:48,691 i.v.s.MainVerticle - 
[ERROR] 2022-06-12 12:06:48,693 i.v.s.MainVerticle - 
[DEBUG] 2022-06-12 12:06:50,084 i.v.s.MainVerticle - 
[INFO ] 2022-06-12 12:06:50,088 i.v.s.MainVerticle - 
[WARN ] 2022-06-12 12:06:50,093 i.v.s.MainVerticle - 
[ERROR] 2022-06-12 12:06:50,096 i.v.s.MainVerticle - 
[DEBUG] 2022-06-12 12:06:50,157 i.v.s.MainVerticle - 
[INFO ] 2022-06-12 12:06:50,158 i.v.s.MainVerticle - 
[WARN ] 2022-06-12 12:06:50,160 i.v.s.MainVerticle - 
[ERROR] 2022-06-12 12:06:50,162 i.v.s.MainVerticle - 
[DEBUG] 2022-06-12 12:07:53,528 i.n.b.PoolThreadCache - Freed 5 thread-local buffer(s) from thread: vert.x-eventloop-thread-0
